c:\users\christopher\documents\visual studio 2013\projects\tfs\r-type\plugin\moskito\vs_solution\moskito\debug\vc120.pdb
c:\users\christopher\documents\visual studio 2013\projects\tfs\r-type\plugin\moskito\vs_solution\moskito\debug\vc120.idb
c:\users\christopher\documents\visual studio 2013\projects\tfs\r-type\plugin\moskito\vs_solution\moskito\debug\netuser.obj
c:\users\christopher\documents\visual studio 2013\projects\tfs\r-type\plugin\moskito\vs_solution\moskito\debug\objectrepresentation.obj
c:\users\christopher\documents\visual studio 2013\projects\tfs\r-type\plugin\moskito\vs_solution\moskito\debug\playeraction.obj
c:\users\christopher\documents\visual studio 2013\projects\tfs\r-type\plugin\moskito\vs_solution\moskito\debug\session.obj
c:\users\christopher\documents\visual studio 2013\projects\tfs\r-type\plugin\moskito\vs_solution\moskito\debug\sessionmanager.obj
c:\users\christopher\documents\visual studio 2013\projects\tfs\r-type\plugin\moskito\vs_solution\moskito\debug\tcpframe.obj
c:\users\christopher\documents\visual studio 2013\projects\tfs\r-type\plugin\moskito\vs_solution\moskito\debug\tcpheader.obj
c:\users\christopher\documents\visual studio 2013\projects\tfs\r-type\plugin\moskito\vs_solution\moskito\debug\tcpmanager.obj
c:\users\christopher\documents\visual studio 2013\projects\tfs\r-type\plugin\moskito\vs_solution\moskito\debug\tcpmanagerclient.obj
c:\users\christopher\documents\visual studio 2013\projects\tfs\r-type\plugin\moskito\vs_solution\moskito\debug\tcpmanagerserver.obj
c:\users\christopher\documents\visual studio 2013\projects\tfs\r-type\plugin\moskito\vs_solution\moskito\debug\tcpmessagefactory.obj
c:\users\christopher\documents\visual studio 2013\projects\tfs\r-type\plugin\moskito\vs_solution\moskito\debug\tcpmessagefactoryclient.obj
c:\users\christopher\documents\visual studio 2013\projects\tfs\r-type\plugin\moskito\vs_solution\moskito\debug\tcpmessagefactoryserver.obj
c:\users\christopher\documents\visual studio 2013\projects\tfs\r-type\plugin\moskito\vs_solution\moskito\debug\tcpsocket.obj
c:\users\christopher\documents\visual studio 2013\projects\tfs\r-type\plugin\moskito\vs_solution\moskito\debug\udpframe.obj
c:\users\christopher\documents\visual studio 2013\projects\tfs\r-type\plugin\moskito\vs_solution\moskito\debug\udpheader.obj
c:\users\christopher\documents\visual studio 2013\projects\tfs\r-type\plugin\moskito\vs_solution\moskito\debug\udpmanager.obj
c:\users\christopher\documents\visual studio 2013\projects\tfs\r-type\plugin\moskito\vs_solution\moskito\debug\udpmanagerclient.obj
c:\users\christopher\documents\visual studio 2013\projects\tfs\r-type\plugin\moskito\vs_solution\moskito\debug\udpsocket.obj
c:\users\christopher\documents\visual studio 2013\projects\tfs\r-type\plugin\moskito\vs_solution\moskito\debug\moskito.obj
c:\users\christopher\documents\visual studio 2013\projects\tfs\r-type\plugin\moskito\vs_solution\moskito\debug\level.obj
c:\users\christopher\documents\visual studio 2013\projects\tfs\r-type\plugin\moskito\vs_solution\moskito\debug\libloader.obj
c:\users\christopher\documents\visual studio 2013\projects\tfs\r-type\plugin\moskito\vs_solution\moskito\debug\libmanager.obj
c:\users\christopher\documents\visual studio 2013\projects\tfs\r-type\plugin\moskito\vs_solution\moskito\debug\resourcespackage.obj
c:\users\christopher\documents\visual studio 2013\projects\tfs\r-type\plugin\moskito\vs_solution\moskito\debug\resourcespackageclient.obj
c:\users\christopher\documents\visual studio 2013\projects\tfs\r-type\plugin\moskito\vs_solution\moskito\debug\resourcespackageserver.obj
c:\users\christopher\documents\visual studio 2013\projects\tfs\r-type\plugin\moskito\vs_solution\moskito\debug\tinyxml2.obj
c:\users\christopher\documents\visual studio 2013\projects\tfs\r-type\plugin\moskito\vs_solution\moskito\debug\vector2d.obj
c:\users\christopher\documents\visual studio 2013\projects\tfs\r-type\plugin\moskito\vs_solution\moskito\debug\xml_level.obj
c:\users\christopher\documents\visual studio 2013\projects\tfs\r-type\plugin\moskito\vs_solution\moskito\debug\gamecontainer.obj
c:\users\christopher\documents\visual studio 2013\projects\tfs\r-type\plugin\moskito\vs_solution\moskito\debug\gameobject.obj
c:\users\christopher\documents\visual studio 2013\projects\tfs\r-type\plugin\moskito\vs_solution\moskito\debug\monster.obj
c:\users\christopher\documents\visual studio 2013\projects\tfs\r-type\plugin\moskito\vs_solution\moskito\debug\filemanager.obj
c:\users\christopher\documents\visual studio 2013\projects\tfs\r-type\plugin\moskito\vs_solution\moskito\debug\gamemessage.obj
c:\users\christopher\documents\visual studio 2013\projects\tfs\r-type\plugin\moskito\vs_solution\moskito\debug\netclient.obj
c:\users\christopher\documents\visual studio 2013\projects\tfs\r-type\plugin\moskito\vs_solution\moskito\debug\netclientmanager.obj
c:\users\christopher\documents\visual studio 2013\projects\tfs\r-type\plugin\moskito\vs_solution\moskito\debug\netserver.obj
c:\users\christopher\documents\visual studio 2013\projects\tfs\r-type\plugin\moskito\vs_solution\moskito\debug\netservermanager.obj
c:\users\christopher\documents\visual studio 2013\projects\tfs\r-type\plugin\=plugin\moskito\moskito.ilk
c:\users\christopher\documents\visual studio 2013\projects\tfs\r-type\plugin\=plugin\moskito\moskito.dll
c:\users\christopher\documents\visual studio 2013\projects\tfs\r-type\plugin\=plugin\moskito\moskito.pdb
c:\users\christopher\documents\visual studio 2013\projects\tfs\r-type\plugin\=plugin\moskito\moskito.lib
c:\users\christopher\documents\visual studio 2013\projects\tfs\r-type\plugin\=plugin\moskito\moskito.exp
c:\users\christopher\documents\visual studio 2013\projects\tfs\r-type\plugin\moskito\vs_solution\debug\..\..\..\=plugin\moskito\moskito.pdb
c:\users\christopher\documents\visual studio 2013\projects\tfs\r-type\plugin\moskito\vs_solution\debug\..\..\..\=plugin\moskito\moskito.dll
c:\users\christopher\documents\visual studio 2013\projects\tfs\r-type\plugin\moskito\vs_solution\debug\..\..\..\=plugin\moskito\moskito.ilk
c:\users\christopher\documents\visual studio 2013\projects\tfs\r-type\plugin\moskito\vs_solution\moskito\debug\moskito.tlog\cl.command.1.tlog
c:\users\christopher\documents\visual studio 2013\projects\tfs\r-type\plugin\moskito\vs_solution\moskito\debug\moskito.tlog\cl.read.1.tlog
c:\users\christopher\documents\visual studio 2013\projects\tfs\r-type\plugin\moskito\vs_solution\moskito\debug\moskito.tlog\cl.write.1.tlog
c:\users\christopher\documents\visual studio 2013\projects\tfs\r-type\plugin\moskito\vs_solution\moskito\debug\moskito.tlog\link.command.1.tlog
c:\users\christopher\documents\visual studio 2013\projects\tfs\r-type\plugin\moskito\vs_solution\moskito\debug\moskito.tlog\link.read.1.tlog
c:\users\christopher\documents\visual studio 2013\projects\tfs\r-type\plugin\moskito\vs_solution\moskito\debug\moskito.tlog\link.write.1.tlog
c:\users\christopher\documents\visual studio 2013\projects\tfs\r-type\plugin\moskito\vs_solution\moskito\debug\moskito.tlog\moskito.write.1u.tlog
