Build started 04/01/2015 15:36:49.
     1>Project "C:\Users\Christopher\Documents\Visual Studio 2013\Projects\TFS\R-Type\Plugin\Build\Moskito\moskito.vcxproj" on node 2 (Rebuild target(s)).
     1>CustomBuild:
         Building Custom Rule C:/Users/Christopher/Documents/Visual Studio 2013/Projects/TFS/R-Type/Plugin/Moskito/CMakeLists.txt
         CMake does not need to re-run because C:\Users\Christopher\Documents\Visual Studio 2013\Projects\TFS\R-Type\Plugin\Build\Moskito\CMakeFiles\generate.stamp is up-to-date.
       ClCompile:
         C:\Program Files (x86)\Microsoft Visual Studio 12.0\VC\bin\CL.exe /c /I"C:\Users\Christopher\Documents\Visual Studio 2013\Projects\TFS\R-Type\Plugin\Moskito\.\Includes" /I"C:\Users\Christopher\Documents\Visual Studio 2013\Projects\TFS\R-Type\Plugin\Moskito\..\..\GamePlay\Headers" /I"C:\Users\Christopher\Documents\Visual Studio 2013\Projects\TFS\R-Type\Plugin\Moskito\..\..\Common\Header" /I"C:\Users\Christopher\Documents\Visual Studio 2013\Projects\TFS\R-Type\Plugin\Moskito\..\..\Server\Includes" /I"C:\Users\Christopher\Documents\Visual Studio 2013\Projects\TFS\R-Type\Plugin\Moskito\..\..\Network\Headers" /I"C:\Users\Christopher\Documents\Visual Studio 2013\Projects\TFS\R-Type\Plugin\Moskito\..\PlayerShip" /nologo /W3 /WX- /Od /Oy- /D WIN32 /D _WINDOWS /D "CMAKE_INTDIR=\"Debug\"" /D moskito_EXPORTS /D _WINDLL /D _MBCS /Gm- /EHsc /MD /GS /fp:precise /Zc:wchar_t /Zc:forScope /GR /Fo"moskito.dir\Debug\\" /Fd"moskito.dir\Debug\vc120.pdb" /Gd /TP /analyze- /errorReport:prompt "C:\Users\Christopher\Documents\Visual Studio 2013\Projects\TFS\R-Type\Plugin\Moskito\Sources\Moskito.cpp" "C:\Users\Christopher\Documents\Visual Studio 2013\Projects\TFS\R-Type\Network\Sources\GameMessage.cpp" "C:\Users\Christopher\Documents\Visual Studio 2013\Projects\TFS\R-Type\Common\Source\Vector2D.cpp" "C:\Users\Christopher\Documents\Visual Studio 2013\Projects\TFS\R-Type\Common\Source\Level.cpp" "C:\Users\Christopher\Documents\Visual Studio 2013\Projects\TFS\R-Type\Common\Source\XML_Level.cpp" "C:\Users\Christopher\Documents\Visual Studio 2013\Projects\TFS\R-Type\Common\Source\tinyxml2.cpp" "C:\Users\Christopher\Documents\Visual Studio 2013\Projects\TFS\R-Type\GamePlay\Sources\GameContainer.cpp" "C:\Users\Christopher\Documents\Visual Studio 2013\Projects\TFS\R-Type\GamePlay\Sources\GameObject.cpp" "C:\Users\Christopher\Documents\Visual Studio 2013\Projects\TFS\R-Type\GamePlay\Sources\Monster.cpp"
         Moskito.cpp
         GameMessage.cpp
         Vector2D.cpp
         Level.cpp
         XML_Level.cpp
         tinyxml2.cpp
         GameContainer.cpp
         GameObject.cpp
         Monster.cpp
         Generating Code...
       Link:
         C:\Program Files (x86)\Microsoft Visual Studio 12.0\VC\bin\link.exe /ERRORREPORT:PROMPT /OUT:"C:\Users\Christopher\Documents\Visual Studio 2013\Projects\TFS\R-Type\Plugin\Build\Moskito\Debug\moskito.dll" /INCREMENTAL /NOLOGO kernel32.lib user32.lib gdi32.lib winspool.lib shell32.lib ole32.lib oleaut32.lib uuid.lib comdlg32.lib advapi32.lib /MANIFEST /MANIFESTUAC:"level='asInvoker' uiAccess='false'" /manifest:embed /DEBUG /PDB:"C:/Users/Christopher/Documents/Visual Studio 2013/Projects/TFS/R-Type/Plugin/Build/Moskito/Debug/moskito.pdb" /SUBSYSTEM:CONSOLE /TLBID:1 /DYNAMICBASE /NXCOMPAT /IMPLIB:"C:/Users/Christopher/Documents/Visual Studio 2013/Projects/TFS/R-Type/Plugin/=plugin/Moskito/Debug/moskito.lib" /MACHINE:X86 /SAFESEH  /machine:X86 /debug /DLL moskito.dir\Debug\Moskito.obj
         moskito.dir\Debug\GameMessage.obj
         moskito.dir\Debug\Vector2D.obj
         moskito.dir\Debug\Level.obj
         moskito.dir\Debug\XML_Level.obj
         moskito.dir\Debug\tinyxml2.obj
         moskito.dir\Debug\GameContainer.obj
         moskito.dir\Debug\GameObject.obj
         moskito.dir\Debug\Monster.obj
            Creating library C:/Users/Christopher/Documents/Visual Studio 2013/Projects/TFS/R-Type/Plugin/=plugin/Moskito/Debug/moskito.lib and object C:/Users/Christopher/Documents/Visual Studio 2013/Projects/TFS/R-Type/Plugin/=plugin/Moskito/Debug/moskito.exp
         moskito.vcxproj -> C:\Users\Christopher\Documents\Visual Studio 2013\Projects\TFS\R-Type\Plugin\Build\Moskito\Debug\moskito.dll
     1>Done Building Project "C:\Users\Christopher\Documents\Visual Studio 2013\Projects\TFS\R-Type\Plugin\Build\Moskito\moskito.vcxproj" (Rebuild target(s)).

Build succeeded.

Time Elapsed 00:00:09.73
