c:\users\christopher\documents\visual studio 2013\projects\tfs\r-type\plugin\build\moskito\moskito.dir\debug\monster.obj
c:\users\christopher\documents\visual studio 2013\projects\tfs\r-type\plugin\build\moskito\moskito.dir\debug\gameobject.obj
c:\users\christopher\documents\visual studio 2013\projects\tfs\r-type\plugin\build\moskito\moskito.dir\debug\gamecontainer.obj
c:\users\christopher\documents\visual studio 2013\projects\tfs\r-type\plugin\build\moskito\moskito.dir\debug\tinyxml2.obj
c:\users\christopher\documents\visual studio 2013\projects\tfs\r-type\plugin\build\moskito\moskito.dir\debug\xml_level.obj
c:\users\christopher\documents\visual studio 2013\projects\tfs\r-type\plugin\build\moskito\moskito.dir\debug\level.obj
c:\users\christopher\documents\visual studio 2013\projects\tfs\r-type\plugin\build\moskito\moskito.dir\debug\vector2d.obj
c:\users\christopher\documents\visual studio 2013\projects\tfs\r-type\plugin\build\moskito\moskito.dir\debug\gamemessage.obj
c:\users\christopher\documents\visual studio 2013\projects\tfs\r-type\plugin\build\moskito\moskito.dir\debug\moskito.obj
c:\users\christopher\documents\visual studio 2013\projects\tfs\r-type\plugin\build\moskito\cmakefiles\generate.stamp
c:\users\christopher\documents\visual studio 2013\projects\tfs\r-type\plugin\build\moskito\debug\moskito.ilk
c:\users\christopher\documents\visual studio 2013\projects\tfs\r-type\plugin\build\moskito\debug\moskito.dll
c:\users\christopher\documents\visual studio 2013\projects\tfs\r-type\plugin\build\moskito\debug\moskito.pdb
c:\users\christopher\documents\visual studio 2013\projects\tfs\r-type\plugin\=plugin\moskito\debug\moskito.lib
c:\users\christopher\documents\visual studio 2013\projects\tfs\r-type\plugin\=plugin\moskito\debug\moskito.exp
c:\users\christopher\documents\visual studio 2013\projects\tfs\r-type\plugin\build\moskito\moskito.dir\debug\moskito.tlog\cl.command.1.tlog
c:\users\christopher\documents\visual studio 2013\projects\tfs\r-type\plugin\build\moskito\moskito.dir\debug\moskito.tlog\cl.read.1.tlog
c:\users\christopher\documents\visual studio 2013\projects\tfs\r-type\plugin\build\moskito\moskito.dir\debug\moskito.tlog\cl.write.1.tlog
c:\users\christopher\documents\visual studio 2013\projects\tfs\r-type\plugin\build\moskito\moskito.dir\debug\moskito.tlog\custombuild.command.1.tlog
c:\users\christopher\documents\visual studio 2013\projects\tfs\r-type\plugin\build\moskito\moskito.dir\debug\moskito.tlog\custombuild.read.1.tlog
c:\users\christopher\documents\visual studio 2013\projects\tfs\r-type\plugin\build\moskito\moskito.dir\debug\moskito.tlog\custombuild.write.1.tlog
c:\users\christopher\documents\visual studio 2013\projects\tfs\r-type\plugin\build\moskito\moskito.dir\debug\moskito.tlog\link.command.1.tlog
c:\users\christopher\documents\visual studio 2013\projects\tfs\r-type\plugin\build\moskito\moskito.dir\debug\moskito.tlog\link.read.1.tlog
c:\users\christopher\documents\visual studio 2013\projects\tfs\r-type\plugin\build\moskito\moskito.dir\debug\moskito.tlog\link.write.1.tlog
c:\users\christopher\documents\visual studio 2013\projects\tfs\r-type\plugin\build\moskito\moskito.dir\debug\moskito.tlog\moskito.write.1u.tlog
