c:\users\christopher\documents\visual studio 2013\projects\tfs\r-type\plugin\build\playership\playership.dir\debug\monster.obj
c:\users\christopher\documents\visual studio 2013\projects\tfs\r-type\plugin\build\playership\playership.dir\debug\gameobject.obj
c:\users\christopher\documents\visual studio 2013\projects\tfs\r-type\plugin\build\playership\playership.dir\debug\gamecontainer.obj
c:\users\christopher\documents\visual studio 2013\projects\tfs\r-type\plugin\build\playership\playership.dir\debug\tinyxml2.obj
c:\users\christopher\documents\visual studio 2013\projects\tfs\r-type\plugin\build\playership\playership.dir\debug\xml_level.obj
c:\users\christopher\documents\visual studio 2013\projects\tfs\r-type\plugin\build\playership\playership.dir\debug\level.obj
c:\users\christopher\documents\visual studio 2013\projects\tfs\r-type\plugin\build\playership\playership.dir\debug\vector2d.obj
c:\users\christopher\documents\visual studio 2013\projects\tfs\r-type\plugin\build\playership\playership.dir\debug\gamemessage.obj
c:\users\christopher\documents\visual studio 2013\projects\tfs\r-type\plugin\build\playership\playership.dir\debug\playership.obj
c:\users\christopher\documents\visual studio 2013\projects\tfs\r-type\plugin\build\playership\cmakefiles\generate.stamp
c:\users\christopher\documents\visual studio 2013\projects\tfs\r-type\plugin\build\playership\debug\playership.ilk
c:\users\christopher\documents\visual studio 2013\projects\tfs\r-type\plugin\build\playership\debug\playership.dll
c:\users\christopher\documents\visual studio 2013\projects\tfs\r-type\plugin\build\playership\debug\playership.pdb
c:\users\christopher\documents\visual studio 2013\projects\tfs\r-type\plugin\=plugin\playership\debug\playership.lib
c:\users\christopher\documents\visual studio 2013\projects\tfs\r-type\plugin\=plugin\playership\debug\playership.exp
c:\users\christopher\documents\visual studio 2013\projects\tfs\r-type\plugin\build\playership\playership.dir\debug\playership.tlog\cl.command.1.tlog
c:\users\christopher\documents\visual studio 2013\projects\tfs\r-type\plugin\build\playership\playership.dir\debug\playership.tlog\cl.read.1.tlog
c:\users\christopher\documents\visual studio 2013\projects\tfs\r-type\plugin\build\playership\playership.dir\debug\playership.tlog\cl.write.1.tlog
c:\users\christopher\documents\visual studio 2013\projects\tfs\r-type\plugin\build\playership\playership.dir\debug\playership.tlog\custombuild.command.1.tlog
c:\users\christopher\documents\visual studio 2013\projects\tfs\r-type\plugin\build\playership\playership.dir\debug\playership.tlog\custombuild.read.1.tlog
c:\users\christopher\documents\visual studio 2013\projects\tfs\r-type\plugin\build\playership\playership.dir\debug\playership.tlog\custombuild.write.1.tlog
c:\users\christopher\documents\visual studio 2013\projects\tfs\r-type\plugin\build\playership\playership.dir\debug\playership.tlog\link.command.1.tlog
c:\users\christopher\documents\visual studio 2013\projects\tfs\r-type\plugin\build\playership\playership.dir\debug\playership.tlog\link.read.1.tlog
c:\users\christopher\documents\visual studio 2013\projects\tfs\r-type\plugin\build\playership\playership.dir\debug\playership.tlog\link.write.1.tlog
c:\users\christopher\documents\visual studio 2013\projects\tfs\r-type\plugin\build\playership\playership.dir\debug\playership.tlog\playership.write.1u.tlog
